mkdir -p bin logs/forensic logs/execution logs/tests logs/console
gcc -Wall -Wextra -std=c99 -g -O3 -march=native -fPIC -D_GNU_SOURCE -D_POSIX_C_SOURCE=200809L -I./src/common -I./src/debug -I./src/crypto -I./src/advanced_calculations -Wl,-z,stack-size=16777216 src/main.c src/lum/lum_core.o src/vorax/vorax_operations.o src/binary/binary_lum_converter.o src/parser/vorax_parser.o src/logger/lum_logger.o src/logger/log_manager.o src/debug/memory_tracker.o src/debug/forensic_logger.o src/debug/ultra_forensic_logger.o src/debug/enhanced_logging.o src/debug/logging_system.o src/crypto/crypto_validator.o src/persistence/data_persistence.o src/persistence/transaction_wal_extension.o src/persistence/recovery_manager_extension.o src/optimization/memory_optimizer.o src/optimization/pareto_optimizer.o src/optimization/pareto_inverse_optimizer.o src/optimization/simd_optimizer.o src/optimization/zero_copy_allocator.o src/parallel/parallel_processor.o src/metrics/performance_metrics.o src/advanced_calculations/audio_processor.o src/advanced_calculations/image_processor.o src/advanced_calculations/golden_score_optimizer.o src/advanced_calculations/tsp_optimizer.o src/advanced_calculations/neural_advanced_optimizers.o src/advanced_calculations/neural_ultra_precision_architecture.o src/advanced_calculations/matrix_calculator.o src/advanced_calculations/neural_network_processor.o src/complex_modules/realtime_analytics.o src/complex_modules/distributed_computing.o src/complex_modules/ai_optimization.o src/complex_modules/ai_dynamic_config_manager.o src/file_formats/lum_secure_serialization.o src/file_formats/lum_native_file_handler.o src/file_formats/lum_native_universal_format.o src/spatial/lum_instant_displacement.o src/network/hostinger_resource_limiter.o src/advanced_calculations/quantum_simulator.o -o bin/lum_vorax_complete -lm -lpthread -lrt -Wl,-z,stack-size=16777216
src/main.c:6:10: fatal error: physics/kerr_metric.h: No such file or directory
    6 | #include "physics/kerr_metric.h"
      |          ^~~~~~~~~~~~~~~~~~~~~~~
compilation terminated.
make: *** [Makefile:87: bin/lum_vorax_complete] Error 1
Build had issues